00:00:00.705808 VirtualBox GUI VM Selector Window 7.2.4 r170995 linux.amd64 (Oct 22 2025 16:59:14) release log
00:00:00.705812 Log opened 2025-11-16T04:33:40.902430000Z
00:00:00.705813 Build Type: release
00:00:00.705819 OS Product: Linux
00:00:00.705821 OS Release: 6.17.4-arch2-1
00:00:00.705823 OS Version: #1 SMP PREEMPT_DYNAMIC Sun, 19 Oct 2025 19:21:18 +0000
00:00:00.705872 DMI Product Name: HP Notebook
00:00:00.705895 DMI Product Version: Type1ProductConfigId
00:00:00.705933 Firmware type: UEFI
00:00:00.706335 Secure Boot: Disabled
00:00:00.706455 Host RAM: 10892MB (10.6GB) total, 4819MB (4.7GB) available
00:00:00.706462 Executable: /usr/lib/virtualbox/VirtualBox
00:00:00.706463 Process ID: 119372
00:00:00.706464 Package type: LINUX_64BITS_GENERIC (OSE)
00:00:00.706554 Qt version: 6.10.0
00:00:00.708044 GUI: UIMediumEnumerator: Initial medium-enumeration finished!
00:00:00.732309 GUI: UIMediumEnumerator: Medium-enumeration started...
00:00:02.526484 GUI: UIDesktopWidgetWatchdog::sltHandleHostScreenAvailableGeometryCalculated: Screen 1 work area is actually resized to: 959x539 x 800x800
00:00:02.546038 GUI: UIMediumEnumerator: Medium-enumeration finished!
00:00:05.214084 GUI: UIInvisibleWindow::sltFallback: Move event missing. Screen: 0, work area: 682x383 x 800x800
00:00:05.214153 GUI: UIDesktopWidgetWatchdog::sltHandleHostScreenAvailableGeometryCalculated: Screen 0 work area is actually resized to: 682x383 x 800x800
00:18:36.553315 GUI: UICommon: Handling aboutToQuit request..
00:18:37.517790 GUI: UICommon: aboutToQuit request handled!
