00:00:00.005201 main     VirtualBox XPCOM Server 7.2.4 r170995 linux.amd64 (Oct 22 2025 16:59:14) release log
00:00:00.005207 main     Log opened 2025-11-12T09:37:23.673188000Z
00:00:00.005208 main     Build Type: release
00:00:00.005212 main     OS Product: Linux
00:00:00.005214 main     OS Release: 6.17.4-arch2-1
00:00:00.005215 main     OS Version: #1 SMP PREEMPT_DYNAMIC Sun, 19 Oct 2025 19:21:18 +0000
00:00:00.005269 main     DMI Product Name: HP Notebook
00:00:00.005287 main     DMI Product Version: Type1ProductConfigId
00:00:00.005297 main     Firmware type: UEFI
00:00:00.005695 main     Secure Boot: Disabled
00:00:00.005843 main     Host RAM: 10892MB (10.6GB) total, 10024MB (9.7GB) available
00:00:00.005849 main     Executable: /usr/lib/virtualbox/VBoxSVC
00:00:00.005850 main     Process ID: 1671
00:00:00.005851 main     Package type: LINUX_64BITS_GENERIC (OSE)
00:00:00.018704 main     IPC socket path: /tmp/.vbox-cl4rksec-ipc/ipcd
00:00:00.038165 DCon01   VirtualBox: object creation starts
00:00:00.039834 DCon01   Home directory: '/home/cl4rksec/.config/VirtualBox'
00:00:00.041062 DCon01   Loading settings file "/home/cl4rksec/.config/VirtualBox/VirtualBox.xml" with version "1.12-linux"
00:00:00.049314 DCon01   Successfully initialised host USB using sysfs
00:00:00.077274 DCon01   NetIfAdpCtlOut: VBoxNetAdpCtl: Error while retrieving link status for wlo1: VBoxNetAdpCtl: ioctl failed: Operation not supported
00:00:00.082537 DCon01   HostDnsMonitor: initializing
00:00:00.082970 DCon01   NAT: resolv.conf: nameserver 187.86.167.47
00:00:00.082982 DCon01   NAT: resolv.conf: nameserver 8.8.8.8
00:00:00.082990 DCon01   NAT: resolv.conf: nameserver 2803:a3e0:a3e0::47
00:00:00.082997 DCon01   NAT: resolv.conf: too many nameserver lines, ignoring 2803:a3e0:a3e0::45
00:00:00.083012 DCon01   HostDnsMonitor: updating information
00:00:00.083027 DCon01   HostDnsMonitor: old information
00:00:00.083032 DCon01     no server entries
00:00:00.083036 DCon01     no domain set
00:00:00.083039 DCon01     no search string entries
00:00:00.083043 DCon01   HostDnsMonitor: new information
00:00:00.083046 DCon01     server 1: 187.86.167.47
00:00:00.083050 DCon01     server 2: 8.8.8.8
00:00:00.083054 DCon01     server 3: 2803:a3e0:a3e0::47
00:00:00.083058 DCon01     domain: WOW
00:00:00.083061 DCon01     search string 1: WOW
00:00:00.090552 DCon01   VD: VDInit finished with VINF_SUCCESS
00:00:00.091652 DCon01   ERROR [COM]: aRC=NS_ERROR_FAILURE (0x80004005) aIID={925084b0-625f-422f-a67d-0ede1880a56c} aComponent={SystemPropertiesWrap} aText={Cannot determine default Guest Additions ISO location. Most likely they are not available}, preserve=false aResultDetail=0
00:00:00.097120 DCon01   Platform architecture set to 'x86'
00:00:00.103371 DCon01   Loading settings file "/home/cl4rksec/VirtualBox VMs/bspwm/bspwm.vbox" with version "1.19-linux"
00:00:00.104727 DCon01   Platform architecture set to 'x86'
00:00:00.106951 DCon01   VirtualBox: object created
00:00:02.093878 DCon04   ERROR [COM]: aRC=VBOX_E_OBJECT_NOT_FOUND (0x80bb0001) aIID={5bfd8965-b81b-469f-8649-f717ce97a5d5} aComponent={NvramStoreWrap} aText={The UEFI NVRAM file is not existing for this machine}, preserve=false aResultDetail=0
00:00:02.344396 DCon02   ERROR [COM]: aRC=VBOX_E_INVALID_VM_STATE (0x80bb0002) aIID={e36a5081-a82a-40bd-9e4e-42a44d6ce50f} aComponent={MachineWrap} aText={The machine is not mutable, saved or running (state is PoweredOff)}, preserve=false aResultDetail=0
00:00:02.385885 DCon02   Saving settings file "/home/cl4rksec/.config/VirtualBox/VirtualBox.xml" with version "1.12-linux"
00:00:02.389991 DCon02   Finished saving settings file "/home/cl4rksec/.config/VirtualBox/VirtualBox.xml"
00:00:06.185478 DCon01   ERROR [COM]: aRC=NS_ERROR_FAILURE (0x80004005) aIID={925084b0-625f-422f-a67d-0ede1880a56c} aComponent={SystemPropertiesWrap} aText={Cannot determine default Guest Additions ISO location. Most likely they are not available}, preserve=false aResultDetail=0
00:00:06.887134 DCon01   Saving settings file "/home/cl4rksec/.config/VirtualBox/VirtualBox.xml" with version "1.12-linux"
00:00:07.026300 DCon01   Finished saving settings file "/home/cl4rksec/.config/VirtualBox/VirtualBox.xml"
00:00:11.674251 DCon01   Saving settings file "/home/cl4rksec/.config/VirtualBox/VirtualBox.xml" with version "1.12-linux"
00:00:11.808076 DCon01   Finished saving settings file "/home/cl4rksec/.config/VirtualBox/VirtualBox.xml"
00:01:20.443947 DCon07   Platform architecture set to 'x86'
00:01:20.444404 DCon07   Platform architecture set to 'x86'
00:01:20.444458 DCon07   Platform architecture set to 'x86'
00:01:20.445895 DCon07   Platform architecture set to 'x86'
00:01:20.458658 DCon07   Saving settings file "/home/cl4rksec/VirtualBox VMs/hyprland/hyprland.vbox" with version "1.19-linux"
00:01:20.605227 DCon07   Finished saving settings file "/home/cl4rksec/VirtualBox VMs/hyprland/hyprland.vbox"
00:01:20.605624 DCon07   Saving settings file "/home/cl4rksec/.config/VirtualBox/VirtualBox.xml" with version "1.12-linux"
00:01:20.741410 DCon07   Finished saving settings file "/home/cl4rksec/.config/VirtualBox/VirtualBox.xml"
00:01:20.745420 DCon03   Platform architecture set to 'x86'
00:01:20.752720 DCon08   Saving settings file "/home/cl4rksec/VirtualBox VMs/hyprland/hyprland.vbox" with version "1.19-linux"
00:01:20.878928 DCon08   Finished saving settings file "/home/cl4rksec/VirtualBox VMs/hyprland/hyprland.vbox"
00:01:20.885210 DCon07   Saving settings file "/home/cl4rksec/VirtualBox VMs/hyprland/hyprland.vbox" with version "1.19-linux"
00:01:21.021034 DCon07   Finished saving settings file "/home/cl4rksec/VirtualBox VMs/hyprland/hyprland.vbox"
00:01:21.022760 DCon07   Saving settings file "/home/cl4rksec/VirtualBox VMs/hyprland/hyprland.vbox" with version "1.19-linux"
00:01:21.155858 DCon07   Finished saving settings file "/home/cl4rksec/VirtualBox VMs/hyprland/hyprland.vbox"
00:01:21.197456 DCon08   Saving settings file "/home/cl4rksec/.config/VirtualBox/VirtualBox.xml" with version "1.12-linux"
00:01:21.324861 DCon08   Finished saving settings file "/home/cl4rksec/.config/VirtualBox/VirtualBox.xml"
00:01:21.469697 DCon03   ERROR [COM]: aRC=VBOX_E_OBJECT_NOT_FOUND (0x80bb0001) aIID={5bfd8965-b81b-469f-8649-f717ce97a5d5} aComponent={NvramStoreWrap} aText={The UEFI NVRAM file is not existing for this machine}, preserve=false aResultDetail=0
00:01:21.489177 DCon01   ERROR [COM]: aRC=VBOX_E_INVALID_VM_STATE (0x80bb0002) aIID={e36a5081-a82a-40bd-9e4e-42a44d6ce50f} aComponent={MachineWrap} aText={The machine is not mutable, saved or running (state is PoweredOff)}, preserve=false aResultDetail=0
00:01:21.740255 DCon01   Saving settings file "/home/cl4rksec/.config/VirtualBox/VirtualBox.xml" with version "1.12-linux"
00:01:21.872977 DCon01   Finished saving settings file "/home/cl4rksec/.config/VirtualBox/VirtualBox.xml"
00:01:23.465662 DCon01   Launched VM: 3826129440 pid: 2245 (0x8c5) frontend: GUI/Qt name: hyprland
00:01:23.570476 DCon07   ERROR [COM]: aRC=VBOX_E_OBJECT_NOT_FOUND (0x80bb0001) aIID={5bfd8965-b81b-469f-8649-f717ce97a5d5} aComponent={NvramStoreWrap} aText={The UEFI NVRAM file is not existing for this machine}, preserve=false aResultDetail=0
00:01:23.634860 DCon09   ERROR [COM]: aRC=VBOX_E_INVALID_VM_STATE (0x80bb0002) aIID={e36a5081-a82a-40bd-9e4e-42a44d6ce50f} aComponent={MachineWrap} aText={The machine is not mutable, saved or running (state is PoweredOff)}, preserve=false aResultDetail=0
00:01:24.246520 DCon09   Platform architecture set to 'x86'
00:01:24.309716 DCon13   ERROR [COM]: aRC=VBOX_E_OBJECT_NOT_FOUND (0x80bb0001) aIID={5bfd8965-b81b-469f-8649-f717ce97a5d5} aComponent={NvramStoreWrap} aText={The UEFI NVRAM file is not existing for this machine}, preserve=false aResultDetail=0
00:01:24.333277 DCon13   ERROR [COM]: aRC=VBOX_E_INVALID_VM_STATE (0x80bb0002) aIID={e36a5081-a82a-40bd-9e4e-42a44d6ce50f} aComponent={MachineWrap} aText={The machine is not mutable, saved or running (state is PoweredOff)}, preserve=false aResultDetail=0
00:01:26.149935 DCon13   ERROR [COM]: aRC=NS_ERROR_FAILURE (0x80004005) aIID={83cfdc66-4f20-4569-ad39-8722f7d472b3} aComponent={RecordingSettingsWrap} aText={Recording not started}, preserve=false aResultDetail=0
00:01:26.239216 DCon13   NetIfAdpCtlOut: VBoxNetAdpCtl: Error while retrieving link status for wlo1: VBoxNetAdpCtl: ioctl failed: Operation not supported
00:01:26.461602 DCon13   ERROR [COM]: aRC=VBOX_E_OBJECT_NOT_FOUND (0x80bb0001) aIID={5bfd8965-b81b-469f-8649-f717ce97a5d5} aComponent={NvramStoreWrap} aText={The UEFI NVRAM file is not existing for this machine}, preserve=false aResultDetail=0
00:01:26.514833 DCon11   ERROR [COM]: aRC=VBOX_E_INVALID_VM_STATE (0x80bb0002) aIID={e36a5081-a82a-40bd-9e4e-42a44d6ce50f} aComponent={MachineWrap} aText={The machine is not mutable, saved or running (state is Starting)}, preserve=false aResultDetail=0
00:01:26.553796 DCon11   ERROR [COM]: aRC=NS_ERROR_FAILURE (0x80004005) aIID={83cfdc66-4f20-4569-ad39-8722f7d472b3} aComponent={RecordingSettingsWrap} aText={Recording not started}, preserve=false aResultDetail=0
00:01:26.596939 DCon08   Saving settings file "/home/cl4rksec/VirtualBox VMs/hyprland/hyprland.vbox" with version "1.19-linux"
00:01:26.792512 DCon08   Finished saving settings file "/home/cl4rksec/VirtualBox VMs/hyprland/hyprland.vbox"
00:01:26.848421 DCon14   ERROR [COM]: aRC=VBOX_E_OBJECT_NOT_FOUND (0x80bb0001) aIID={5bfd8965-b81b-469f-8649-f717ce97a5d5} aComponent={NvramStoreWrap} aText={The UEFI NVRAM file is not existing for this machine}, preserve=false aResultDetail=0
00:01:26.997433 DCon07   ERROR [COM]: aRC=VBOX_E_INVALID_VM_STATE (0x80bb0002) aIID={e36a5081-a82a-40bd-9e4e-42a44d6ce50f} aComponent={MachineWrap} aText={The machine is not mutable, saved or running (state is Starting)}, preserve=false aResultDetail=0
00:01:27.075916 DCon14   ERROR [COM]: aRC=VBOX_E_OBJECT_NOT_FOUND (0x80bb0001) aIID={7d510820-a678-4730-a862-818dcd3fbed0} aComponent={MediumWrap} aText={Property 'CRYPT/KeyId' does not exist}, preserve=false aResultDetail=0
00:01:27.090209 DCon14   HostDnsMonitorProxy::GetDomainName: WOW
00:01:27.090583 DCon14   HostDnsMonitorProxy::GetNameServers:
00:01:27.090591 DCon14     name server 1: 187.86.167.47
00:01:27.090599 DCon14     name server 2: 8.8.8.8
00:01:27.090604 DCon14     name server 3: 2803:a3e0:a3e0::47
00:01:27.090936 DCon14   HostDnsMonitorProxy::GetSearchStrings:
00:01:27.090953 DCon14     search string 1: WOW
00:01:27.175335 DCon12   ERROR [COM]: aRC=NS_ERROR_FAILURE (0x80004005) aIID={83cfdc66-4f20-4569-ad39-8722f7d472b3} aComponent={RecordingSettingsWrap} aText={Recording not started}, preserve=false aResultDetail=0
00:01:27.273136 DCon09   Saving settings file "/home/cl4rksec/VirtualBox VMs/hyprland/hyprland.vbox" with version "1.19-linux"
00:01:27.404719 DCon09   Finished saving settings file "/home/cl4rksec/VirtualBox VMs/hyprland/hyprland.vbox"
00:01:27.405124 DCon12   Saving settings file "/home/cl4rksec/.config/VirtualBox/VirtualBox.xml" with version "1.12-linux"
00:01:27.531481 DCon12   Finished saving settings file "/home/cl4rksec/.config/VirtualBox/VirtualBox.xml"
00:01:27.585795 DCon10   ERROR [COM]: aRC=VBOX_E_OBJECT_NOT_FOUND (0x80bb0001) aIID={5bfd8965-b81b-469f-8649-f717ce97a5d5} aComponent={NvramStoreWrap} aText={The UEFI NVRAM file is not existing for this machine}, preserve=false aResultDetail=0
00:01:27.640634 DCon12   ERROR [COM]: aRC=VBOX_E_INVALID_VM_STATE (0x80bb0002) aIID={e36a5081-a82a-40bd-9e4e-42a44d6ce50f} aComponent={MachineWrap} aText={The machine is not mutable, saved or running (state is Running)}, preserve=false aResultDetail=0
00:03:03.286596 DCon12   Saving settings file "/home/cl4rksec/VirtualBox VMs/hyprland/hyprland.vbox" with version "1.19-linux"
00:03:03.425910 DCon12   Finished saving settings file "/home/cl4rksec/VirtualBox VMs/hyprland/hyprland.vbox"
00:03:03.473051 DCon07   Saving settings file "/home/cl4rksec/VirtualBox VMs/hyprland/hyprland.vbox" with version "1.19-linux"
00:03:03.479927 DCon07   Finished saving settings file "/home/cl4rksec/VirtualBox VMs/hyprland/hyprland.vbox"
00:03:03.499234 DCon11   ERROR [COM]: aRC=VBOX_E_OBJECT_NOT_FOUND (0x80bb0001) aIID={5bfd8965-b81b-469f-8649-f717ce97a5d5} aComponent={NvramStoreWrap} aText={The UEFI NVRAM file is not existing for this machine}, preserve=false aResultDetail=0
00:03:03.540640 DCon16   ERROR [COM]: aRC=VBOX_E_OBJECT_NOT_FOUND (0x80bb0001) aIID={5bfd8965-b81b-469f-8649-f717ce97a5d5} aComponent={NvramStoreWrap} aText={The UEFI NVRAM file is not existing for this machine}, preserve=false aResultDetail=0
00:03:03.589483 DCon16   ERROR [COM]: aRC=VBOX_E_INVALID_VM_STATE (0x80bb0002) aIID={e36a5081-a82a-40bd-9e4e-42a44d6ce50f} aComponent={MachineWrap} aText={The machine is not mutable, saved or running (state is Running)}, preserve=false aResultDetail=0
00:03:04.095945 DCon16   Saving settings file "/home/cl4rksec/VirtualBox VMs/hyprland/hyprland.vbox" with version "1.19-linux"
00:03:04.099717 DCon16   Finished saving settings file "/home/cl4rksec/VirtualBox VMs/hyprland/hyprland.vbox"
00:03:04.149205 DCon12   ERROR [COM]: aRC=VBOX_E_OBJECT_NOT_FOUND (0x80bb0001) aIID={5bfd8965-b81b-469f-8649-f717ce97a5d5} aComponent={NvramStoreWrap} aText={The UEFI NVRAM file is not existing for this machine}, preserve=false aResultDetail=0
00:03:04.231647 DCon16   ERROR [COM]: aRC=VBOX_E_INVALID_VM_STATE (0x80bb0002) aIID={e36a5081-a82a-40bd-9e4e-42a44d6ce50f} aComponent={MachineWrap} aText={The machine is not mutable, saved or running (state is Running)}, preserve=false aResultDetail=0
00:03:05.884607 DCon07   Saving settings file "/home/cl4rksec/VirtualBox VMs/hyprland/hyprland.vbox" with version "1.19-linux"
00:03:05.888312 DCon07   Finished saving settings file "/home/cl4rksec/VirtualBox VMs/hyprland/hyprland.vbox"
00:03:05.942806 DCon22   Saving settings file "/home/cl4rksec/VirtualBox VMs/hyprland/hyprland.vbox" with version "1.19-linux"
00:03:05.948637 DCon22   Finished saving settings file "/home/cl4rksec/VirtualBox VMs/hyprland/hyprland.vbox"
00:03:05.972175 DCon18   ERROR [COM]: aRC=VBOX_E_OBJECT_NOT_FOUND (0x80bb0001) aIID={5bfd8965-b81b-469f-8649-f717ce97a5d5} aComponent={NvramStoreWrap} aText={The UEFI NVRAM file is not existing for this machine}, preserve=false aResultDetail=0
00:03:06.009077 DCon13   ERROR [COM]: aRC=VBOX_E_OBJECT_NOT_FOUND (0x80bb0001) aIID={5bfd8965-b81b-469f-8649-f717ce97a5d5} aComponent={NvramStoreWrap} aText={The UEFI NVRAM file is not existing for this machine}, preserve=false aResultDetail=0
00:03:06.050944 DCon17   ERROR [COM]: aRC=VBOX_E_INVALID_VM_STATE (0x80bb0002) aIID={e36a5081-a82a-40bd-9e4e-42a44d6ce50f} aComponent={MachineWrap} aText={The machine is not mutable, saved or running (state is Running)}, preserve=false aResultDetail=0
00:03:07.609690 DCon10   Saving settings file "/home/cl4rksec/VirtualBox VMs/hyprland/hyprland.vbox" with version "1.19-linux"
00:03:07.614682 DCon10   Finished saving settings file "/home/cl4rksec/VirtualBox VMs/hyprland/hyprland.vbox"
00:03:07.655043 DCon23   Saving settings file "/home/cl4rksec/.config/VirtualBox/VirtualBox.xml" with version "1.12-linux"
00:03:07.658775 DCon23   Finished saving settings file "/home/cl4rksec/.config/VirtualBox/VirtualBox.xml"
00:03:07.683835 DCon23   ERROR [COM]: aRC=VBOX_E_OBJECT_NOT_FOUND (0x80bb0001) aIID={5bfd8965-b81b-469f-8649-f717ce97a5d5} aComponent={NvramStoreWrap} aText={The UEFI NVRAM file is not existing for this machine}, preserve=false aResultDetail=0
00:03:07.730919 DCon23   ERROR [COM]: aRC=VBOX_E_INVALID_VM_STATE (0x80bb0002) aIID={e36a5081-a82a-40bd-9e4e-42a44d6ce50f} aComponent={MachineWrap} aText={The machine is not mutable, saved or running (state is Running)}, preserve=false aResultDetail=0
00:03:08.335984 DCon22   Saving settings file "/home/cl4rksec/VirtualBox VMs/hyprland/hyprland.vbox" with version "1.19-linux"
00:03:08.344480 DCon22   Finished saving settings file "/home/cl4rksec/VirtualBox VMs/hyprland/hyprland.vbox"
00:03:08.385666 DCon10   Saving settings file "/home/cl4rksec/.config/VirtualBox/VirtualBox.xml" with version "1.12-linux"
00:03:08.389365 DCon10   Finished saving settings file "/home/cl4rksec/.config/VirtualBox/VirtualBox.xml"
00:03:08.415384 DCon07   ERROR [COM]: aRC=VBOX_E_OBJECT_NOT_FOUND (0x80bb0001) aIID={5bfd8965-b81b-469f-8649-f717ce97a5d5} aComponent={NvramStoreWrap} aText={The UEFI NVRAM file is not existing for this machine}, preserve=false aResultDetail=0
00:03:08.461294 DCon10   ERROR [COM]: aRC=VBOX_E_INVALID_VM_STATE (0x80bb0002) aIID={e36a5081-a82a-40bd-9e4e-42a44d6ce50f} aComponent={MachineWrap} aText={The machine is not mutable, saved or running (state is Running)}, preserve=false aResultDetail=0
00:03:13.798508 DCon07   Saving settings file "/home/cl4rksec/VirtualBox VMs/hyprland/hyprland.vbox" with version "1.19-linux"
00:03:13.804512 DCon07   Finished saving settings file "/home/cl4rksec/VirtualBox VMs/hyprland/hyprland.vbox"
00:03:13.871913 DCon10   Saving settings file "/home/cl4rksec/VirtualBox VMs/hyprland/hyprland.vbox" with version "1.19-linux"
00:03:13.875972 DCon10   Finished saving settings file "/home/cl4rksec/VirtualBox VMs/hyprland/hyprland.vbox"
00:03:13.876295 DCon22   ERROR [COM]: aRC=VBOX_E_OBJECT_NOT_FOUND (0x80bb0001) aIID={5bfd8965-b81b-469f-8649-f717ce97a5d5} aComponent={NvramStoreWrap} aText={The UEFI NVRAM file is not existing for this machine}, preserve=false aResultDetail=0
00:03:13.896281 DCon16   Saving settings file "/home/cl4rksec/.config/VirtualBox/VirtualBox.xml" with version "1.12-linux"
00:03:13.900044 DCon16   Finished saving settings file "/home/cl4rksec/.config/VirtualBox/VirtualBox.xml"
00:03:13.954200 DCon16   ERROR [COM]: aRC=VBOX_E_OBJECT_NOT_FOUND (0x80bb0001) aIID={5bfd8965-b81b-469f-8649-f717ce97a5d5} aComponent={NvramStoreWrap} aText={The UEFI NVRAM file is not existing for this machine}, preserve=false aResultDetail=0
00:03:14.006105 DCon16   ERROR [COM]: aRC=VBOX_E_INVALID_VM_STATE (0x80bb0002) aIID={e36a5081-a82a-40bd-9e4e-42a44d6ce50f} aComponent={MachineWrap} aText={The machine is not mutable, saved or running (state is Running)}, preserve=false aResultDetail=0
00:03:14.409519 DCon09   Saving settings file "/home/cl4rksec/VirtualBox VMs/hyprland/hyprland.vbox" with version "1.19-linux"
00:03:14.413004 DCon09   Finished saving settings file "/home/cl4rksec/VirtualBox VMs/hyprland/hyprland.vbox"
00:03:14.461524 DCon16   ERROR [COM]: aRC=VBOX_E_OBJECT_NOT_FOUND (0x80bb0001) aIID={5bfd8965-b81b-469f-8649-f717ce97a5d5} aComponent={NvramStoreWrap} aText={The UEFI NVRAM file is not existing for this machine}, preserve=false aResultDetail=0
00:03:14.584846 DCon16   ERROR [COM]: aRC=VBOX_E_INVALID_VM_STATE (0x80bb0002) aIID={e36a5081-a82a-40bd-9e4e-42a44d6ce50f} aComponent={MachineWrap} aText={The machine is not mutable, saved or running (state is Running)}, preserve=false aResultDetail=0
00:03:26.017467 DCon07   Saving settings file "/home/cl4rksec/VirtualBox VMs/hyprland/hyprland.vbox" with version "1.19-linux"
00:03:26.150912 DCon07   Finished saving settings file "/home/cl4rksec/VirtualBox VMs/hyprland/hyprland.vbox"
00:03:26.207821 DCon18   Saving settings file "/home/cl4rksec/VirtualBox VMs/hyprland/hyprland.vbox" with version "1.19-linux"
00:03:26.403520 DCon18   Finished saving settings file "/home/cl4rksec/VirtualBox VMs/hyprland/hyprland.vbox"
00:03:26.424319 DCon23   ERROR [COM]: aRC=VBOX_E_OBJECT_NOT_FOUND (0x80bb0001) aIID={5bfd8965-b81b-469f-8649-f717ce97a5d5} aComponent={NvramStoreWrap} aText={The UEFI NVRAM file is not existing for this machine}, preserve=false aResultDetail=0
00:03:26.495281 DCon20   ERROR [COM]: aRC=VBOX_E_OBJECT_NOT_FOUND (0x80bb0001) aIID={5bfd8965-b81b-469f-8649-f717ce97a5d5} aComponent={NvramStoreWrap} aText={The UEFI NVRAM file is not existing for this machine}, preserve=false aResultDetail=0
00:03:26.549307 DCon26   ERROR [COM]: aRC=VBOX_E_INVALID_VM_STATE (0x80bb0002) aIID={e36a5081-a82a-40bd-9e4e-42a44d6ce50f} aComponent={MachineWrap} aText={The machine is not mutable, saved or running (state is Running)}, preserve=false aResultDetail=0
00:51:40.265555 USBPROXY USBProxyBackendLinux: Device 1c4f:0084 (sysfs:/sys/devices/pci0000:00/0000:00:10.0/usb1/1-1//device:/dev/vboxusb/001/003) isn't accessible. giving udev a few seconds to fix this...
00:52:24.267948 DCon91   Saving settings file "/home/cl4rksec/VirtualBox VMs/hyprland/hyprland.vbox" with version "1.19-linux"
00:52:24.562453 DCon91   Finished saving settings file "/home/cl4rksec/VirtualBox VMs/hyprland/hyprland.vbox"
00:52:24.650649 DCon80   Saving settings file "/home/cl4rksec/VirtualBox VMs/hyprland/hyprland.vbox" with version "1.19-linux"
00:52:24.855078 DCon80   Finished saving settings file "/home/cl4rksec/VirtualBox VMs/hyprland/hyprland.vbox"
00:52:25.030056 DCon94   Saving settings file "/home/cl4rksec/.config/VirtualBox/VirtualBox.xml" with version "1.12-linux"
00:52:25.273480 DCon94   Finished saving settings file "/home/cl4rksec/.config/VirtualBox/VirtualBox.xml"
00:52:25.326870 DCon95   ERROR [COM]: aRC=VBOX_E_OBJECT_NOT_FOUND (0x80bb0001) aIID={5bfd8965-b81b-469f-8649-f717ce97a5d5} aComponent={NvramStoreWrap} aText={The UEFI NVRAM file is not existing for this machine}, preserve=false aResultDetail=0
00:52:25.420042 DCon91   ERROR [COM]: aRC=VBOX_E_INVALID_VM_STATE (0x80bb0002) aIID={e36a5081-a82a-40bd-9e4e-42a44d6ce50f} aComponent={MachineWrap} aText={The machine is not mutable, saved or running (state is Running)}, preserve=false aResultDetail=0
00:52:25.510109 DCon91   Saving settings file "/home/cl4rksec/.config/VirtualBox/VirtualBox.xml" with version "1.12-linux"
00:52:25.705860 DCon91   Finished saving settings file "/home/cl4rksec/.config/VirtualBox/VirtualBox.xml"
00:52:25.939721 DCon91   ERROR [COM]: aRC=VBOX_E_OBJECT_NOT_FOUND (0x80bb0001) aIID={5bfd8965-b81b-469f-8649-f717ce97a5d5} aComponent={NvramStoreWrap} aText={The UEFI NVRAM file is not existing for this machine}, preserve=false aResultDetail=0
00:52:26.148824 DCon94   ERROR [COM]: aRC=VBOX_E_INVALID_VM_STATE (0x80bb0002) aIID={e36a5081-a82a-40bd-9e4e-42a44d6ce50f} aComponent={MachineWrap} aText={The machine is not mutable, saved or running (state is PoweredOff)}, preserve=false aResultDetail=0
00:52:26.606579 DCon94   Launched VM: 2952794240 pid: 12433 (0x3091) frontend: GUI/Qt name: bspwm
00:52:26.771292 DCon90   ERROR [COM]: aRC=VBOX_E_OBJECT_NOT_FOUND (0x80bb0001) aIID={5bfd8965-b81b-469f-8649-f717ce97a5d5} aComponent={NvramStoreWrap} aText={The UEFI NVRAM file is not existing for this machine}, preserve=false aResultDetail=0
00:52:26.889296 DCon90   ERROR [COM]: aRC=VBOX_E_INVALID_VM_STATE (0x80bb0002) aIID={e36a5081-a82a-40bd-9e4e-42a44d6ce50f} aComponent={MachineWrap} aText={The machine is not mutable, saved or running (state is PoweredOff)}, preserve=false aResultDetail=0
00:52:28.164948 DCon84   Platform architecture set to 'x86'
00:52:28.290310 DCon91   ERROR [COM]: aRC=VBOX_E_OBJECT_NOT_FOUND (0x80bb0001) aIID={5bfd8965-b81b-469f-8649-f717ce97a5d5} aComponent={NvramStoreWrap} aText={The UEFI NVRAM file is not existing for this machine}, preserve=false aResultDetail=0
00:52:28.358434 DCon97   ERROR [COM]: aRC=VBOX_E_INVALID_VM_STATE (0x80bb0002) aIID={e36a5081-a82a-40bd-9e4e-42a44d6ce50f} aComponent={MachineWrap} aText={The machine is not mutable, saved or running (state is PoweredOff)}, preserve=false aResultDetail=0
00:52:38.825147 DCon98   NetIfAdpCtlOut: VBoxNetAdpCtl: Error while retrieving link status for wlo1: VBoxNetAdpCtl: ioctl failed: Operation not supported
00:52:39.008906 DCon90   ERROR [COM]: aRC=VBOX_E_INVALID_OBJECT_STATE (0x80bb0007) aIID={7d510820-a678-4730-a862-818dcd3fbed0} aComponent={MediumWrap} aText={Medium '/home/cl4rksec/Cybersecurity/Iso/kali-linux-2025.3-virtualbox-amd64/kali-linux-2025.3-virtualbox-amd64.vdi' is locked for writing by another task}, preserve=true aResultDetail=0
00:52:39.009008 DCon90   ERROR [COM]: aRC=VBOX_E_INVALID_OBJECT_STATE (0x80bb0007) aIID={e36a5081-a82a-40bd-9e4e-42a44d6ce50f} aComponent={SessionMachine} aText={Locking of attached media failed. A possible reason is that one of the media is attached to a running VM}, preserve=true aResultDetail=0
00:52:39.185549 DCon94   ERROR [COM]: aRC=VBOX_E_OBJECT_NOT_FOUND (0x80bb0001) aIID={5bfd8965-b81b-469f-8649-f717ce97a5d5} aComponent={NvramStoreWrap} aText={The UEFI NVRAM file is not existing for this machine}, preserve=false aResultDetail=0
00:52:39.194276 DCon94   Saving settings file "/home/cl4rksec/VirtualBox VMs/bspwm/bspwm.vbox" with version "1.19-linux"
00:52:39.580878 DCon94   Finished saving settings file "/home/cl4rksec/VirtualBox VMs/bspwm/bspwm.vbox"
00:52:39.581564 DCon93   Saving settings file "/home/cl4rksec/.config/VirtualBox/VirtualBox.xml" with version "1.12-linux"
00:52:39.916043 DCon93   Finished saving settings file "/home/cl4rksec/.config/VirtualBox/VirtualBox.xml"
00:52:40.388912 DCon88   ERROR [COM]: aRC=VBOX_E_OBJECT_NOT_FOUND (0x80bb0001) aIID={5bfd8965-b81b-469f-8649-f717ce97a5d5} aComponent={NvramStoreWrap} aText={The UEFI NVRAM file is not existing for this machine}, preserve=false aResultDetail=0
00:52:40.428825 DCon93   ERROR [COM]: aRC=VBOX_E_INVALID_VM_STATE (0x80bb0002) aIID={e36a5081-a82a-40bd-9e4e-42a44d6ce50f} aComponent={MachineWrap} aText={The machine is not mutable, saved or running (state is PoweredOff)}, preserve=false aResultDetail=0
00:52:40.484437 DCon84   Saving settings file "/home/cl4rksec/.config/VirtualBox/VirtualBox.xml" with version "1.12-linux"
00:52:40.762434 DCon84   Finished saving settings file "/home/cl4rksec/.config/VirtualBox/VirtualBox.xml"
00:52:40.763259 DCon99   Saving settings file "/home/cl4rksec/VirtualBox VMs/bspwm/bspwm.vbox" with version "1.19-linux"
00:52:41.042157 DCon99   Finished saving settings file "/home/cl4rksec/VirtualBox VMs/bspwm/bspwm.vbox"
00:52:41.526785 DCon88   ERROR [COM]: aRC=VBOX_E_OBJECT_NOT_FOUND (0x80bb0001) aIID={5bfd8965-b81b-469f-8649-f717ce97a5d5} aComponent={NvramStoreWrap} aText={The UEFI NVRAM file is not existing for this machine}, preserve=false aResultDetail=0
00:52:41.660989 DCon88   ERROR [COM]: aRC=VBOX_E_INVALID_VM_STATE (0x80bb0002) aIID={e36a5081-a82a-40bd-9e4e-42a44d6ce50f} aComponent={MachineWrap} aText={The machine is not mutable, saved or running (state is Aborted)}, preserve=false aResultDetail=0
00:52:48.377550 DCon90   Saving settings file "/home/cl4rksec/.config/VirtualBox/VirtualBox.xml" with version "1.12-linux"
00:52:48.384294 DCon90   Finished saving settings file "/home/cl4rksec/.config/VirtualBox/VirtualBox.xml"
00:52:48.613101 DCon80   ERROR [COM]: aRC=VBOX_E_OBJECT_NOT_FOUND (0x80bb0001) aIID={5bfd8965-b81b-469f-8649-f717ce97a5d5} aComponent={NvramStoreWrap} aText={The UEFI NVRAM file is not existing for this machine}, preserve=false aResultDetail=0
00:52:48.833706 DCon80   ERROR [COM]: aRC=VBOX_E_INVALID_VM_STATE (0x80bb0002) aIID={e36a5081-a82a-40bd-9e4e-42a44d6ce50f} aComponent={MachineWrap} aText={The machine is not mutable, saved or running (state is Running)}, preserve=false aResultDetail=0
00:52:48.956240 DCon94   Saving settings file "/home/cl4rksec/.config/VirtualBox/VirtualBox.xml" with version "1.12-linux"
00:52:48.963375 DCon94   Finished saving settings file "/home/cl4rksec/.config/VirtualBox/VirtualBox.xml"
00:52:49.141582 DCon95   ERROR [COM]: aRC=VBOX_E_OBJECT_NOT_FOUND (0x80bb0001) aIID={5bfd8965-b81b-469f-8649-f717ce97a5d5} aComponent={NvramStoreWrap} aText={The UEFI NVRAM file is not existing for this machine}, preserve=false aResultDetail=0
00:52:49.294036 DCon99   ERROR [COM]: aRC=VBOX_E_INVALID_VM_STATE (0x80bb0002) aIID={e36a5081-a82a-40bd-9e4e-42a44d6ce50f} aComponent={MachineWrap} aText={The machine is not mutable, saved or running (state is Aborted)}, preserve=false aResultDetail=0
00:52:49.294152 DCon95   Saving settings file "/home/cl4rksec/.config/VirtualBox/VirtualBox.xml" with version "1.12-linux"
00:52:49.302478 DCon95   Finished saving settings file "/home/cl4rksec/.config/VirtualBox/VirtualBox.xml"
00:52:49.566598 DCon94   ERROR [COM]: aRC=VBOX_E_OBJECT_NOT_FOUND (0x80bb0001) aIID={5bfd8965-b81b-469f-8649-f717ce97a5d5} aComponent={NvramStoreWrap} aText={The UEFI NVRAM file is not existing for this machine}, preserve=false aResultDetail=0
00:52:49.592308 DCon84   Saving settings file "/home/cl4rksec/.config/VirtualBox/VirtualBox.xml" with version "1.12-linux"
00:52:49.599901 DCon84   Finished saving settings file "/home/cl4rksec/.config/VirtualBox/VirtualBox.xml"
00:52:49.843192 DCon94   ERROR [COM]: aRC=VBOX_E_OBJECT_NOT_FOUND (0x80bb0001) aIID={5bfd8965-b81b-469f-8649-f717ce97a5d5} aComponent={NvramStoreWrap} aText={The UEFI NVRAM file is not existing for this machine}, preserve=false aResultDetail=0
00:52:49.858300 DCon84   Saving settings file "/home/cl4rksec/.config/VirtualBox/VirtualBox.xml" with version "1.12-linux"
00:52:49.865490 DCon84   Finished saving settings file "/home/cl4rksec/.config/VirtualBox/VirtualBox.xml"
00:52:50.172430 DCon90   Saving settings file "/home/cl4rksec/.config/VirtualBox/VirtualBox.xml" with version "1.12-linux"
00:52:50.176474 DCon90   Finished saving settings file "/home/cl4rksec/.config/VirtualBox/VirtualBox.xml"
00:52:50.176939 DCon80   ERROR [COM]: aRC=VBOX_E_OBJECT_NOT_FOUND (0x80bb0001) aIID={5bfd8965-b81b-469f-8649-f717ce97a5d5} aComponent={NvramStoreWrap} aText={The UEFI NVRAM file is not existing for this machine}, preserve=false aResultDetail=0
00:52:50.361585 DCon80   ERROR [COM]: aRC=VBOX_E_OBJECT_NOT_FOUND (0x80bb0001) aIID={5bfd8965-b81b-469f-8649-f717ce97a5d5} aComponent={NvramStoreWrap} aText={The UEFI NVRAM file is not existing for this machine}, preserve=false aResultDetail=0
00:52:50.409018 DCon95   ERROR [COM]: aRC=VBOX_E_INVALID_VM_STATE (0x80bb0002) aIID={e36a5081-a82a-40bd-9e4e-42a44d6ce50f} aComponent={MachineWrap} aText={The machine is not mutable, saved or running (state is Aborted)}, preserve=false aResultDetail=0
00:52:50.493022 DCon95   Saving settings file "/home/cl4rksec/.config/VirtualBox/VirtualBox.xml" with version "1.12-linux"
00:52:50.497765 DCon95   Finished saving settings file "/home/cl4rksec/.config/VirtualBox/VirtualBox.xml"
00:52:50.745904 DCon95   ERROR [COM]: aRC=VBOX_E_OBJECT_NOT_FOUND (0x80bb0001) aIID={5bfd8965-b81b-469f-8649-f717ce97a5d5} aComponent={NvramStoreWrap} aText={The UEFI NVRAM file is not existing for this machine}, preserve=false aResultDetail=0
00:52:50.769698 DCon80   Saving settings file "/home/cl4rksec/.config/VirtualBox/VirtualBox.xml" with version "1.12-linux"
00:52:50.775587 DCon80   Finished saving settings file "/home/cl4rksec/.config/VirtualBox/VirtualBox.xml"
00:52:50.932450 DCon84   ERROR [COM]: aRC=VBOX_E_OBJECT_NOT_FOUND (0x80bb0001) aIID={5bfd8965-b81b-469f-8649-f717ce97a5d5} aComponent={NvramStoreWrap} aText={The UEFI NVRAM file is not existing for this machine}, preserve=false aResultDetail=0
00:52:50.987414 DCon80   ERROR [COM]: aRC=VBOX_E_INVALID_VM_STATE (0x80bb0002) aIID={e36a5081-a82a-40bd-9e4e-42a44d6ce50f} aComponent={MachineWrap} aText={The machine is not mutable, saved or running (state is Aborted)}, preserve=false aResultDetail=0
00:52:51.026635 DCon84   Saving settings file "/home/cl4rksec/.config/VirtualBox/VirtualBox.xml" with version "1.12-linux"
00:52:51.030615 DCon84   Finished saving settings file "/home/cl4rksec/.config/VirtualBox/VirtualBox.xml"
00:52:51.273197 DCon95   ERROR [COM]: aRC=VBOX_E_OBJECT_NOT_FOUND (0x80bb0001) aIID={5bfd8965-b81b-469f-8649-f717ce97a5d5} aComponent={NvramStoreWrap} aText={The UEFI NVRAM file is not existing for this machine}, preserve=false aResultDetail=0
00:52:51.299124 DCon80   Saving settings file "/home/cl4rksec/.config/VirtualBox/VirtualBox.xml" with version "1.12-linux"
00:52:51.305671 DCon80   Finished saving settings file "/home/cl4rksec/.config/VirtualBox/VirtualBox.xml"
00:52:51.472053 DCon95   ERROR [COM]: aRC=VBOX_E_OBJECT_NOT_FOUND (0x80bb0001) aIID={5bfd8965-b81b-469f-8649-f717ce97a5d5} aComponent={NvramStoreWrap} aText={The UEFI NVRAM file is not existing for this machine}, preserve=false aResultDetail=0
00:52:51.520692 DCon88   ERROR [COM]: aRC=VBOX_E_INVALID_VM_STATE (0x80bb0002) aIID={e36a5081-a82a-40bd-9e4e-42a44d6ce50f} aComponent={MachineWrap} aText={The machine is not mutable, saved or running (state is Aborted)}, preserve=false aResultDetail=0
00:52:51.652955 DCon94   Saving settings file "/home/cl4rksec/.config/VirtualBox/VirtualBox.xml" with version "1.12-linux"
00:52:51.657047 DCon94   Finished saving settings file "/home/cl4rksec/.config/VirtualBox/VirtualBox.xml"
00:52:51.887296 DCon82   ERROR [COM]: aRC=VBOX_E_OBJECT_NOT_FOUND (0x80bb0001) aIID={5bfd8965-b81b-469f-8649-f717ce97a5d5} aComponent={NvramStoreWrap} aText={The UEFI NVRAM file is not existing for this machine}, preserve=false aResultDetail=0
00:52:52.129912 DCon82   ERROR [COM]: aRC=VBOX_E_INVALID_VM_STATE (0x80bb0002) aIID={e36a5081-a82a-40bd-9e4e-42a44d6ce50f} aComponent={MachineWrap} aText={The machine is not mutable, saved or running (state is Running)}, preserve=false aResultDetail=0
00:52:54.512895 DCon88   Saving settings file "/home/cl4rksec/VirtualBox VMs/hyprland/hyprland.vbox" with version "1.19-linux"
00:52:54.520218 DCon88   Finished saving settings file "/home/cl4rksec/VirtualBox VMs/hyprland/hyprland.vbox"
00:52:54.595569 DCon82   ERROR [COM]: aRC=VBOX_E_OBJECT_NOT_FOUND (0x80bb0001) aIID={5bfd8965-b81b-469f-8649-f717ce97a5d5} aComponent={NvramStoreWrap} aText={The UEFI NVRAM file is not existing for this machine}, preserve=false aResultDetail=0
00:52:54.671295 DCon82   ERROR [COM]: aRC=VBOX_E_INVALID_VM_STATE (0x80bb0002) aIID={e36a5081-a82a-40bd-9e4e-42a44d6ce50f} aComponent={MachineWrap} aText={The machine is not mutable, saved or running (state is Running)}, preserve=false aResultDetail=0
00:53:26.263417 DCon90   Saving settings file "/home/cl4rksec/.config/VirtualBox/VirtualBox.xml" with version "1.12-linux"
00:53:26.394691 DCon90   Finished saving settings file "/home/cl4rksec/.config/VirtualBox/VirtualBox.xml"
00:53:26.558851 DCon90   Launched VM: 2751505056 pid: 12640 (0x3160) frontend: GUI/Qt name: bspwm
00:53:26.571713 DCon95   ERROR [COM]: aRC=VBOX_E_OBJECT_NOT_FOUND (0x80bb0001) aIID={5bfd8965-b81b-469f-8649-f717ce97a5d5} aComponent={NvramStoreWrap} aText={The UEFI NVRAM file is not existing for this machine}, preserve=false aResultDetail=0
00:53:26.806749 DCon95   ERROR [COM]: aRC=VBOX_E_OBJECT_NOT_FOUND (0x80bb0001) aIID={5bfd8965-b81b-469f-8649-f717ce97a5d5} aComponent={NvramStoreWrap} aText={The UEFI NVRAM file is not existing for this machine}, preserve=false aResultDetail=0
00:53:26.919373 DCon102  ERROR [COM]: aRC=VBOX_E_INVALID_VM_STATE (0x80bb0002) aIID={e36a5081-a82a-40bd-9e4e-42a44d6ce50f} aComponent={MachineWrap} aText={The machine is not mutable, saved or running (state is Aborted)}, preserve=false aResultDetail=0
00:53:28.185220 DCon99   Platform architecture set to 'x86'
00:53:28.297190 DCon94   ERROR [COM]: aRC=VBOX_E_OBJECT_NOT_FOUND (0x80bb0001) aIID={5bfd8965-b81b-469f-8649-f717ce97a5d5} aComponent={NvramStoreWrap} aText={The UEFI NVRAM file is not existing for this machine}, preserve=false aResultDetail=0
00:53:28.349398 DCon94   ERROR [COM]: aRC=VBOX_E_INVALID_VM_STATE (0x80bb0002) aIID={e36a5081-a82a-40bd-9e4e-42a44d6ce50f} aComponent={MachineWrap} aText={The machine is not mutable, saved or running (state is Aborted)}, preserve=false aResultDetail=0
00:53:33.335800 DCon102  ERROR [COM]: aRC=NS_ERROR_FAILURE (0x80004005) aIID={83cfdc66-4f20-4569-ad39-8722f7d472b3} aComponent={RecordingSettingsWrap} aText={Recording not started}, preserve=false aResultDetail=0
00:53:33.490762 DCon102  Saving settings file "/home/cl4rksec/VirtualBox VMs/bspwm/bspwm.vbox" with version "1.19-linux"
00:53:33.710725 DCon102  Finished saving settings file "/home/cl4rksec/VirtualBox VMs/bspwm/bspwm.vbox"
00:53:33.870229 DCon94   NetIfAdpCtlOut: VBoxNetAdpCtl: Error while retrieving link status for wlo1: VBoxNetAdpCtl: ioctl failed: Operation not supported
00:53:33.909788 DCon94   ERROR [COM]: aRC=VBOX_E_OBJECT_NOT_FOUND (0x80bb0001) aIID={5bfd8965-b81b-469f-8649-f717ce97a5d5} aComponent={NvramStoreWrap} aText={The UEFI NVRAM file is not existing for this machine}, preserve=false aResultDetail=0
00:53:34.014824 DCon102  ERROR [COM]: aRC=VBOX_E_INVALID_VM_STATE (0x80bb0002) aIID={e36a5081-a82a-40bd-9e4e-42a44d6ce50f} aComponent={MachineWrap} aText={The machine is not mutable, saved or running (state is Aborted)}, preserve=false aResultDetail=0
00:53:34.131372 DCon102  ERROR [COM]: aRC=VBOX_E_INVALID_OBJECT_STATE (0x80bb0007) aIID={7d510820-a678-4730-a862-818dcd3fbed0} aComponent={MediumWrap} aText={Medium '/home/cl4rksec/Cybersecurity/Iso/kali-linux-2025.3-virtualbox-amd64/kali-linux-2025.3-virtualbox-amd64.vdi' is locked for writing by another task}, preserve=true aResultDetail=0
00:53:34.131500 DCon102  ERROR [COM]: aRC=VBOX_E_INVALID_OBJECT_STATE (0x80bb0007) aIID={e36a5081-a82a-40bd-9e4e-42a44d6ce50f} aComponent={SessionMachine} aText={Locking of attached media failed. A possible reason is that one of the media is attached to a running VM}, preserve=true aResultDetail=0
00:53:34.145690 DCon104  Saving settings file "/home/cl4rksec/VirtualBox VMs/bspwm/bspwm.vbox" with version "1.19-linux"
00:53:34.342569 DCon104  Finished saving settings file "/home/cl4rksec/VirtualBox VMs/bspwm/bspwm.vbox"
00:53:34.476571 DCon108  ERROR [COM]: aRC=NS_ERROR_FAILURE (0x80004005) aIID={83cfdc66-4f20-4569-ad39-8722f7d472b3} aComponent={RecordingSettingsWrap} aText={Recording not started}, preserve=false aResultDetail=0
00:53:34.527884 DCon108  Saving settings file "/home/cl4rksec/.config/VirtualBox/VirtualBox.xml" with version "1.12-linux"
00:53:34.583725 DCon104  ERROR [COM]: aRC=NS_ERROR_FAILURE (0x80004005) aIID={83cfdc66-4f20-4569-ad39-8722f7d472b3} aComponent={RecordingSettingsWrap} aText={Recording not started}, preserve=false aResultDetail=0
00:53:34.670386 DCon104  Saving settings file "/home/cl4rksec/VirtualBox VMs/bspwm/bspwm.vbox" with version "1.19-linux"
00:53:34.723680 DCon108  Finished saving settings file "/home/cl4rksec/.config/VirtualBox/VirtualBox.xml"
00:53:34.918229 DCon104  Finished saving settings file "/home/cl4rksec/VirtualBox VMs/bspwm/bspwm.vbox"
00:53:34.962987 DCon102  ERROR [COM]: aRC=VBOX_E_OBJECT_NOT_FOUND (0x80bb0001) aIID={5bfd8965-b81b-469f-8649-f717ce97a5d5} aComponent={NvramStoreWrap} aText={The UEFI NVRAM file is not existing for this machine}, preserve=false aResultDetail=0
00:53:35.040669 DCon106  ERROR [COM]: aRC=VBOX_E_INVALID_VM_STATE (0x80bb0002) aIID={e36a5081-a82a-40bd-9e4e-42a44d6ce50f} aComponent={MachineWrap} aText={The machine is not mutable, saved or running (state is PoweredOff)}, preserve=false aResultDetail=0
00:53:35.690641 DCon103  Saving settings file "/home/cl4rksec/.config/VirtualBox/VirtualBox.xml" with version "1.12-linux"
00:53:35.912266 DCon103  Finished saving settings file "/home/cl4rksec/.config/VirtualBox/VirtualBox.xml"
00:53:35.912535 DCon106  Saving settings file "/home/cl4rksec/VirtualBox VMs/bspwm/bspwm.vbox" with version "1.19-linux"
00:53:36.109770 DCon106  Finished saving settings file "/home/cl4rksec/VirtualBox VMs/bspwm/bspwm.vbox"
00:53:36.329618 DCon107  ERROR [COM]: aRC=VBOX_E_OBJECT_NOT_FOUND (0x80bb0001) aIID={5bfd8965-b81b-469f-8649-f717ce97a5d5} aComponent={NvramStoreWrap} aText={The UEFI NVRAM file is not existing for this machine}, preserve=false aResultDetail=0
00:53:36.436624 DCon84   ERROR [COM]: aRC=VBOX_E_INVALID_VM_STATE (0x80bb0002) aIID={e36a5081-a82a-40bd-9e4e-42a44d6ce50f} aComponent={MachineWrap} aText={The machine is not mutable, saved or running (state is Aborted)}, preserve=false aResultDetail=0
00:53:44.512989 DCon102  Saving settings file "/home/cl4rksec/.config/VirtualBox/VirtualBox.xml" with version "1.12-linux"
00:53:44.646249 DCon102  Finished saving settings file "/home/cl4rksec/.config/VirtualBox/VirtualBox.xml"
00:53:44.864096 DCon84   ERROR [COM]: aRC=VBOX_E_OBJECT_NOT_FOUND (0x80bb0001) aIID={5bfd8965-b81b-469f-8649-f717ce97a5d5} aComponent={NvramStoreWrap} aText={The UEFI NVRAM file is not existing for this machine}, preserve=false aResultDetail=0
00:53:45.082397 DCon84   ERROR [COM]: aRC=VBOX_E_INVALID_VM_STATE (0x80bb0002) aIID={e36a5081-a82a-40bd-9e4e-42a44d6ce50f} aComponent={MachineWrap} aText={The machine is not mutable, saved or running (state is Running)}, preserve=false aResultDetail=0
00:54:07.294715 DCon102  Saving settings file "/home/cl4rksec/VirtualBox VMs/hyprland/hyprland.vbox" with version "1.19-linux"
00:54:07.299471 DCon102  Finished saving settings file "/home/cl4rksec/VirtualBox VMs/hyprland/hyprland.vbox"
00:54:07.350650 DCon112  Saving settings file "/home/cl4rksec/VirtualBox VMs/hyprland/hyprland.vbox" with version "1.19-linux"
00:54:07.358481 DCon112  Finished saving settings file "/home/cl4rksec/VirtualBox VMs/hyprland/hyprland.vbox"
00:54:07.388047 DCon103  Saving settings file "/home/cl4rksec/.config/VirtualBox/VirtualBox.xml" with version "1.12-linux"
00:54:07.394930 DCon113  ERROR [COM]: aRC=VBOX_E_OBJECT_NOT_FOUND (0x80bb0001) aIID={5bfd8965-b81b-469f-8649-f717ce97a5d5} aComponent={NvramStoreWrap} aText={The UEFI NVRAM file is not existing for this machine}, preserve=false aResultDetail=0
00:54:07.395020 DCon103  Finished saving settings file "/home/cl4rksec/.config/VirtualBox/VirtualBox.xml"
00:54:07.466267 DCon95   ERROR [COM]: aRC=VBOX_E_OBJECT_NOT_FOUND (0x80bb0001) aIID={5bfd8965-b81b-469f-8649-f717ce97a5d5} aComponent={NvramStoreWrap} aText={The UEFI NVRAM file is not existing for this machine}, preserve=false aResultDetail=0
00:54:07.546530 DCon95   ERROR [COM]: aRC=VBOX_E_INVALID_VM_STATE (0x80bb0002) aIID={e36a5081-a82a-40bd-9e4e-42a44d6ce50f} aComponent={MachineWrap} aText={The machine is not mutable, saved or running (state is Running)}, preserve=false aResultDetail=0
00:54:11.319036 DCon90   Saving settings file "/home/cl4rksec/VirtualBox VMs/hyprland/hyprland.vbox" with version "1.19-linux"
00:54:11.322827 DCon90   Finished saving settings file "/home/cl4rksec/VirtualBox VMs/hyprland/hyprland.vbox"
00:54:11.418515 DCon95   ERROR [COM]: aRC=VBOX_E_OBJECT_NOT_FOUND (0x80bb0001) aIID={5bfd8965-b81b-469f-8649-f717ce97a5d5} aComponent={NvramStoreWrap} aText={The UEFI NVRAM file is not existing for this machine}, preserve=false aResultDetail=0
00:54:11.490640 DCon95   ERROR [COM]: aRC=VBOX_E_INVALID_VM_STATE (0x80bb0002) aIID={e36a5081-a82a-40bd-9e4e-42a44d6ce50f} aComponent={MachineWrap} aText={The machine is not mutable, saved or running (state is Running)}, preserve=false aResultDetail=0
00:54:12.927356 DCon103  Saving settings file "/home/cl4rksec/VirtualBox VMs/hyprland/hyprland.vbox" with version "1.19-linux"
00:54:12.934881 DCon103  Finished saving settings file "/home/cl4rksec/VirtualBox VMs/hyprland/hyprland.vbox"
00:54:13.003450 DCon103  Saving settings file "/home/cl4rksec/VirtualBox VMs/hyprland/hyprland.vbox" with version "1.19-linux"
00:54:13.007954 DCon103  Finished saving settings file "/home/cl4rksec/VirtualBox VMs/hyprland/hyprland.vbox"
00:54:13.039307 DCon90   ERROR [COM]: aRC=VBOX_E_OBJECT_NOT_FOUND (0x80bb0001) aIID={5bfd8965-b81b-469f-8649-f717ce97a5d5} aComponent={NvramStoreWrap} aText={The UEFI NVRAM file is not existing for this machine}, preserve=false aResultDetail=0
00:54:13.134600 DCon113  ERROR [COM]: aRC=VBOX_E_OBJECT_NOT_FOUND (0x80bb0001) aIID={5bfd8965-b81b-469f-8649-f717ce97a5d5} aComponent={NvramStoreWrap} aText={The UEFI NVRAM file is not existing for this machine}, preserve=false aResultDetail=0
00:54:13.201599 DCon111  ERROR [COM]: aRC=VBOX_E_INVALID_VM_STATE (0x80bb0002) aIID={e36a5081-a82a-40bd-9e4e-42a44d6ce50f} aComponent={MachineWrap} aText={The machine is not mutable, saved or running (state is Running)}, preserve=false aResultDetail=0
00:54:28.750281 DCon112  Saving settings file "/home/cl4rksec/VirtualBox VMs/hyprland/hyprland.vbox" with version "1.19-linux"
00:54:28.998920 DCon112  Finished saving settings file "/home/cl4rksec/VirtualBox VMs/hyprland/hyprland.vbox"
00:54:29.056547 DCon116  Saving settings file "/home/cl4rksec/VirtualBox VMs/hyprland/hyprland.vbox" with version "1.19-linux"
00:54:29.300609 DCon116  Finished saving settings file "/home/cl4rksec/VirtualBox VMs/hyprland/hyprland.vbox"
00:54:29.336840 DCon116  ERROR [COM]: aRC=VBOX_E_OBJECT_NOT_FOUND (0x80bb0001) aIID={5bfd8965-b81b-469f-8649-f717ce97a5d5} aComponent={NvramStoreWrap} aText={The UEFI NVRAM file is not existing for this machine}, preserve=false aResultDetail=0
00:54:29.396173 DCon111  ERROR [COM]: aRC=VBOX_E_OBJECT_NOT_FOUND (0x80bb0001) aIID={5bfd8965-b81b-469f-8649-f717ce97a5d5} aComponent={NvramStoreWrap} aText={The UEFI NVRAM file is not existing for this machine}, preserve=false aResultDetail=0
00:54:29.460616 DCon117  ERROR [COM]: aRC=VBOX_E_INVALID_VM_STATE (0x80bb0002) aIID={e36a5081-a82a-40bd-9e4e-42a44d6ce50f} aComponent={MachineWrap} aText={The machine is not mutable, saved or running (state is Running)}, preserve=false aResultDetail=0
00:54:34.493038 DCon117  Saving settings file "/home/cl4rksec/VirtualBox VMs/hyprland/hyprland.vbox" with version "1.19-linux"
00:54:34.792712 DCon117  Finished saving settings file "/home/cl4rksec/VirtualBox VMs/hyprland/hyprland.vbox"
00:54:34.881186 DCon118  Saving settings file "/home/cl4rksec/VirtualBox VMs/hyprland/hyprland.vbox" with version "1.19-linux"
00:54:35.080925 DCon118  Finished saving settings file "/home/cl4rksec/VirtualBox VMs/hyprland/hyprland.vbox"
00:54:35.104899 DCon102  ERROR [COM]: aRC=VBOX_E_OBJECT_NOT_FOUND (0x80bb0001) aIID={5bfd8965-b81b-469f-8649-f717ce97a5d5} aComponent={NvramStoreWrap} aText={The UEFI NVRAM file is not existing for this machine}, preserve=false aResultDetail=0
00:54:35.178774 DCon102  ERROR [COM]: aRC=VBOX_E_OBJECT_NOT_FOUND (0x80bb0001) aIID={5bfd8965-b81b-469f-8649-f717ce97a5d5} aComponent={NvramStoreWrap} aText={The UEFI NVRAM file is not existing for this machine}, preserve=false aResultDetail=0
00:54:35.237905 DCon102  ERROR [COM]: aRC=VBOX_E_INVALID_VM_STATE (0x80bb0002) aIID={e36a5081-a82a-40bd-9e4e-42a44d6ce50f} aComponent={MachineWrap} aText={The machine is not mutable, saved or running (state is Running)}, preserve=false aResultDetail=0
00:54:57.956173 dns-monitor NAT: resolv.conf: nameserver 187.86.167.47
00:54:57.956220 dns-monitor NAT: resolv.conf: nameserver 8.8.8.8
00:54:57.956232 dns-monitor NAT: resolv.conf: nameserver 2803:a3e0:a3e0::47
00:54:57.956244 dns-monitor NAT: resolv.conf: too many nameserver lines, ignoring 2803:a3e0:a3e0::45
00:54:57.956276 dns-monitor HostDnsMonitor: updating information
00:54:57.956287 dns-monitor HostDnsMonitor: unchanged
00:54:58.756676 dns-monitor NAT: resolv.conf: nameserver 187.86.167.47
00:54:58.756721 dns-monitor NAT: resolv.conf: nameserver 8.8.8.8
00:54:58.756762 dns-monitor NAT: resolv.conf: nameserver 2803:a3e0:a3e0::47
00:54:58.756780 dns-monitor NAT: resolv.conf: too many nameserver lines, ignoring 2803:a3e0:a3e0::45
00:54:58.756815 dns-monitor HostDnsMonitor: updating information
00:54:58.756828 dns-monitor HostDnsMonitor: unchanged
00:54:59.558657 dns-monitor NAT: resolv.conf: nameserver 2803:a3e0:a3e0::47
00:54:59.558700 dns-monitor NAT: resolv.conf: nameserver 2803:a3e0:a3e0::45
00:54:59.558715 dns-monitor NAT: resolv.conf: nameserver 187.86.167.47
00:54:59.558728 dns-monitor NAT: resolv.conf: too many nameserver lines, ignoring 8.8.8.8
00:54:59.558796 dns-monitor HostDnsMonitor: updating information
00:54:59.558848 dns-monitor HostDnsMonitor: old information
00:54:59.558857 dns-monitor   server 1: 187.86.167.47
00:54:59.558867 dns-monitor   server 2: 8.8.8.8
00:54:59.558875 dns-monitor   server 3: 2803:a3e0:a3e0::47
00:54:59.558883 dns-monitor   domain: WOW
00:54:59.558894 dns-monitor   search string 1: WOW
00:54:59.558902 dns-monitor HostDnsMonitor: new information
00:54:59.558908 dns-monitor   server 1: 2803:a3e0:a3e0::47
00:54:59.558916 dns-monitor   server 2: 2803:a3e0:a3e0::45
00:54:59.558924 dns-monitor   server 3: 187.86.167.47
00:54:59.558931 dns-monitor   domain: WOW
00:54:59.558938 dns-monitor   search string 1: WOW
00:54:59.564829 DCon113  HostDnsMonitorProxy::GetDomainName: WOW
00:54:59.565549 DCon113  HostDnsMonitorProxy::GetNameServers:
00:54:59.565564 DCon113    name server 1: 2803:a3e0:a3e0::47
00:54:59.565574 DCon113    name server 2: 2803:a3e0:a3e0::45
00:54:59.565582 DCon113    name server 3: 187.86.167.47
00:54:59.566139 DCon113  HostDnsMonitorProxy::GetSearchStrings:
00:54:59.566164 DCon113    search string 1: WOW
00:55:00.372804 dns-monitor NAT: resolv.conf: nameserver 187.86.167.47
00:55:00.372854 dns-monitor NAT: resolv.conf: nameserver 8.8.8.8
00:55:00.372869 dns-monitor NAT: resolv.conf: nameserver 2803:a3e0:a3e0::47
00:55:00.372883 dns-monitor NAT: resolv.conf: too many nameserver lines, ignoring 2803:a3e0:a3e0::45
00:55:00.372917 dns-monitor HostDnsMonitor: updating information
00:55:00.372930 dns-monitor HostDnsMonitor: old information
00:55:00.372939 dns-monitor   server 1: 2803:a3e0:a3e0::47
00:55:00.372948 dns-monitor   server 2: 2803:a3e0:a3e0::45
00:55:00.372961 dns-monitor   server 3: 187.86.167.47
00:55:00.373000 dns-monitor   domain: WOW
00:55:00.373005 dns-monitor   search string 1: WOW
00:55:00.373010 dns-monitor HostDnsMonitor: new information
00:55:00.373018 dns-monitor   server 1: 187.86.167.47
00:55:00.373024 dns-monitor   server 2: 8.8.8.8
00:55:00.373028 dns-monitor   server 3: 2803:a3e0:a3e0::47
00:55:00.373033 dns-monitor   domain: WOW
00:55:00.373037 dns-monitor   search string 1: WOW
00:55:00.377581 DCon102  HostDnsMonitorProxy::GetDomainName: WOW
00:55:00.378272 DCon102  HostDnsMonitorProxy::GetNameServers:
00:55:00.378286 DCon102    name server 1: 187.86.167.47
00:55:00.378293 DCon102    name server 2: 8.8.8.8
00:55:00.378298 DCon102    name server 3: 2803:a3e0:a3e0::47
00:55:00.378818 DCon102  HostDnsMonitorProxy::GetSearchStrings:
00:55:00.378831 DCon102    search string 1: WOW
00:55:10.887431 dns-monitor NAT: resolv.conf: nameserver 187.86.167.47
00:55:10.887473 dns-monitor NAT: resolv.conf: nameserver 8.8.8.8
00:55:10.887483 dns-monitor NAT: resolv.conf: nameserver 2803:a3e0:a3e0::47
00:55:10.887492 dns-monitor NAT: resolv.conf: too many nameserver lines, ignoring 2803:a3e0:a3e0::45
00:55:10.887523 dns-monitor HostDnsMonitor: updating information
00:55:10.887532 dns-monitor HostDnsMonitor: unchanged
02:20:37.679393 DCon230  Saving settings file "/home/cl4rksec/VirtualBox VMs/hyprland/hyprland.vbox" with version "1.19-linux"
02:20:37.691260 DCon230  Finished saving settings file "/home/cl4rksec/VirtualBox VMs/hyprland/hyprland.vbox"
02:20:37.783443 DCon229  Saving settings file "/home/cl4rksec/VirtualBox VMs/hyprland/hyprland.vbox" with version "1.19-linux"
02:20:37.791583 DCon229  Finished saving settings file "/home/cl4rksec/VirtualBox VMs/hyprland/hyprland.vbox"
02:22:59.098560 DCon238  Saving settings file "/home/cl4rksec/VirtualBox VMs/hyprland/hyprland.vbox" with version "1.19-linux"
02:22:59.109024 DCon238  Finished saving settings file "/home/cl4rksec/VirtualBox VMs/hyprland/hyprland.vbox"
02:22:59.169856 DCon230  Saving settings file "/home/cl4rksec/VirtualBox VMs/hyprland/hyprland.vbox" with version "1.19-linux"
02:22:59.174368 DCon230  Finished saving settings file "/home/cl4rksec/VirtualBox VMs/hyprland/hyprland.vbox"
03:17:54.701611 DCon309  Saving settings file "/home/cl4rksec/VirtualBox VMs/hyprland/hyprland.vbox" with version "1.19-linux"
03:17:54.710997 DCon309  Finished saving settings file "/home/cl4rksec/VirtualBox VMs/hyprland/hyprland.vbox"
03:17:54.766805 DCon307  Saving settings file "/home/cl4rksec/VirtualBox VMs/hyprland/hyprland.vbox" with version "1.19-linux"
03:17:54.778186 DCon307  Finished saving settings file "/home/cl4rksec/VirtualBox VMs/hyprland/hyprland.vbox"
03:44:14.197263 DCon355  Saving settings file "/home/cl4rksec/VirtualBox VMs/hyprland/hyprland.vbox" with version "1.19-linux"
03:44:14.205469 DCon355  Finished saving settings file "/home/cl4rksec/VirtualBox VMs/hyprland/hyprland.vbox"
03:44:14.242916 DCon356  Saving settings file "/home/cl4rksec/VirtualBox VMs/hyprland/hyprland.vbox" with version "1.19-linux"
03:44:14.247792 DCon356  Finished saving settings file "/home/cl4rksec/VirtualBox VMs/hyprland/hyprland.vbox"
04:14:33.164354 DCon407  Saving settings file "/home/cl4rksec/VirtualBox VMs/hyprland/hyprland.vbox" with version "1.19-linux"
04:14:33.171964 DCon407  Finished saving settings file "/home/cl4rksec/VirtualBox VMs/hyprland/hyprland.vbox"
04:14:33.240352 DCon409  Saving settings file "/home/cl4rksec/VirtualBox VMs/hyprland/hyprland.vbox" with version "1.19-linux"
04:14:33.247640 DCon409  Finished saving settings file "/home/cl4rksec/VirtualBox VMs/hyprland/hyprland.vbox"
04:29:28.070944 DCon427  Saving settings file "/home/cl4rksec/VirtualBox VMs/hyprland/hyprland.vbox" with version "1.19-linux"
04:29:28.093872 DCon427  Finished saving settings file "/home/cl4rksec/VirtualBox VMs/hyprland/hyprland.vbox"
04:29:28.152086 DCon424  Saving settings file "/home/cl4rksec/VirtualBox VMs/hyprland/hyprland.vbox" with version "1.19-linux"
04:29:28.166601 DCon424  Finished saving settings file "/home/cl4rksec/VirtualBox VMs/hyprland/hyprland.vbox"
05:59:16.886371 DCon533  Saving settings file "/home/cl4rksec/VirtualBox VMs/hyprland/hyprland.vbox" with version "1.19-linux"
05:59:16.906159 DCon533  Finished saving settings file "/home/cl4rksec/VirtualBox VMs/hyprland/hyprland.vbox"
05:59:17.351850 DCon544  Saving settings file "/home/cl4rksec/VirtualBox VMs/hyprland/hyprland.vbox" with version "1.19-linux"
05:59:17.360667 DCon544  Finished saving settings file "/home/cl4rksec/VirtualBox VMs/hyprland/hyprland.vbox"
05:59:17.443317 DCon543  Saving settings file "/home/cl4rksec/VirtualBox VMs/hyprland/hyprland.vbox" with version "1.19-linux"
05:59:17.459885 DCon543  Finished saving settings file "/home/cl4rksec/VirtualBox VMs/hyprland/hyprland.vbox"
06:01:11.726683 dns-monitor NAT: resolv.conf: nameserver 187.86.167.47
06:01:11.727812 dns-monitor NAT: resolv.conf: nameserver 8.8.8.8
06:01:11.727851 dns-monitor NAT: resolv.conf: nameserver 2803:a3e0:a3e0::47
06:01:11.727884 dns-monitor NAT: resolv.conf: too many nameserver lines, ignoring 2803:a3e0:a3e0::45
06:01:11.728142 dns-monitor HostDnsMonitor: updating information
06:01:11.728156 dns-monitor HostDnsMonitor: unchanged
06:01:11.728268 dns-monitor NAT: resolv.conf: nameserver 187.86.167.47
06:01:11.728287 dns-monitor NAT: resolv.conf: nameserver 8.8.8.8
06:01:11.728300 dns-monitor NAT: resolv.conf: nameserver 2803:a3e0:a3e0::47
06:01:11.728312 dns-monitor NAT: resolv.conf: too many nameserver lines, ignoring 2803:a3e0:a3e0::45
06:01:11.728330 dns-monitor HostDnsMonitor: updating information
06:01:11.728340 dns-monitor HostDnsMonitor: unchanged
06:02:24.808682 DCon550  Saving settings file "/home/cl4rksec/VirtualBox VMs/hyprland/hyprland.vbox" with version "1.19-linux"
06:02:24.818795 DCon550  Finished saving settings file "/home/cl4rksec/VirtualBox VMs/hyprland/hyprland.vbox"
06:02:24.873778 DCon546  Saving settings file "/home/cl4rksec/VirtualBox VMs/hyprland/hyprland.vbox" with version "1.19-linux"
06:02:24.883667 DCon546  Finished saving settings file "/home/cl4rksec/VirtualBox VMs/hyprland/hyprland.vbox"
09:35:41.011204 DCon793  ERROR [COM]: aRC=NS_ERROR_FAILURE (0x80004005) aIID={83cfdc66-4f20-4569-ad39-8722f7d472b3} aComponent={RecordingSettingsWrap} aText={Recording not started}, preserve=false aResultDetail=0
09:35:42.816858 DCon802  ERROR [COM]: aRC=NS_ERROR_FAILURE (0x80004005) aIID={83cfdc66-4f20-4569-ad39-8722f7d472b3} aComponent={RecordingSettingsWrap} aText={Recording not started}, preserve=false aResultDetail=0
09:47:14.805957 USBPROXY USBProxyBackendLinux: Device 1c4f:0084 (sysfs:/sys/devices/pci0000:00/0000:00:10.0/usb1/1-2//device:/dev/vboxusb/001/004) isn't accessible. giving udev a few seconds to fix this...
09:47:19.202540 USBPROXY USBProxyBackendLinux: Device 1532:0099 (sysfs:/sys/devices/pci0000:00/0000:00:10.0/usb1/1-1//device:/dev/vboxusb/001/005) isn't accessible. giving udev a few seconds to fix this...
10:05:14.303143 DCon836  Saving settings file "/home/cl4rksec/VirtualBox VMs/hyprland/hyprland.vbox" with version "1.19-linux"
10:05:14.311419 DCon836  Finished saving settings file "/home/cl4rksec/VirtualBox VMs/hyprland/hyprland.vbox"
10:05:14.340435 DCon836  Saving settings file "/home/cl4rksec/VirtualBox VMs/hyprland/hyprland.vbox" with version "1.19-linux"
10:05:14.344678 DCon836  Finished saving settings file "/home/cl4rksec/VirtualBox VMs/hyprland/hyprland.vbox"
10:05:15.000490 DCon840  Saving settings file "/home/cl4rksec/VirtualBox VMs/hyprland/hyprland.vbox" with version "1.19-linux"
10:05:15.005514 DCon840  Finished saving settings file "/home/cl4rksec/VirtualBox VMs/hyprland/hyprland.vbox"
10:05:37.797653 DCon842  Saving settings file "/home/cl4rksec/VirtualBox VMs/hyprland/hyprland.vbox" with version "1.19-linux"
10:05:37.803529 DCon842  Finished saving settings file "/home/cl4rksec/VirtualBox VMs/hyprland/hyprland.vbox"
10:05:37.866324 DCon842  Saving settings file "/home/cl4rksec/VirtualBox VMs/hyprland/hyprland.vbox" with version "1.19-linux"
10:05:37.872553 DCon842  Finished saving settings file "/home/cl4rksec/VirtualBox VMs/hyprland/hyprland.vbox"
12:35:07.984470 MainPower Host suspending: Paused 1 VMs
12:35:08.141519 dns-monitor HostDnsMonitor: updating information
12:35:08.141582 dns-monitor HostDnsMonitor: old information
12:35:08.141588 dns-monitor   server 1: 187.86.167.47
12:35:08.141595 dns-monitor   server 2: 8.8.8.8
12:35:08.141601 dns-monitor   server 3: 2803:a3e0:a3e0::47
12:35:08.141605 dns-monitor   domain: WOW
12:35:08.141609 dns-monitor   search string 1: WOW
12:35:08.141614 dns-monitor HostDnsMonitor: new information
12:35:08.141618 dns-monitor   no server entries
12:35:08.141622 dns-monitor   no domain set
12:35:08.141625 dns-monitor   no search string entries
12:35:08.147874 DCon1000 ERROR [COM]: aRC=NS_ERROR_FAILURE (0x80004005) aIID={83cfdc66-4f20-4569-ad39-8722f7d472b3} aComponent={RecordingSettingsWrap} aText={Recording not started}, preserve=false aResultDetail=0
12:35:08.148904 DCon999  HostDnsMonitorProxy::GetDomainName: no domain set
12:35:08.150844 DCon1000 HostDnsMonitorProxy::GetNameServers:
12:35:08.150891 DCon1000   no name server entries
12:35:08.152838 DCon999  HostDnsMonitorProxy::GetSearchStrings:
12:35:08.152881 DCon999    no search string entries
